header:
  stamp:
    sec: 1761205587
    nanosec: 107263075
  frame_id: map
points:
- pose:
    position:
      x: -5.0934902655829415
      y: -36.034171781051334
      z: -1.3537710583920248
    orientation:
      x: -0.016045436894417262
      y: -0.0005043076321236565
      z: -0.9993776441799972
      w: 0.031410411361817686
  longitudinal_velocity_mps: 0.0
  lateral_velocity_mps: 0.0
  heading_rate_rps: 0.0
  is_final: false
- pose:
    position:
      x: -6.0910021256088385
      y: -36.09693732319776
      z: -1.3858736412591437
    orientation:
      x: -0.016045436894417262
      y: -0.0005043076321236565
      z: -0.9993776441799972
      w: 0.031410411361817686
  longitudinal_velocity_mps: 0.0
  lateral_velocity_mps: 0.0
  heading_rate_rps: 0.0
  is_final: false
left_bound:
- x: -4.395511707920047
  y: -43.20254876932184
  z: -1.5077113526355572
- x: -6.7169
  y: -43.2666
  z: -1.5433
- x: -10.781944022967357
  y: -43.378785607493626
  z: -1.6062762548593443
right_bound:
- x: -4.616058067528963
  y: -35.20953564047192
  z: -1.5072829889226387
- x: -6.9664
  y: -35.2744
  z: -1.5433
- x: -11.002492263218802
  y: -35.38571204403157
  z: -1.6066124059967928
---
